  glm.cpp
  imgui.cpp
  imgui_demo.cpp
  imgui_draw.cpp
  imgui_impl_glfw.cpp
  imgui_impl_opengl3.cpp
  imgui_tables.cpp
  imgui_widgets.cpp
  Audio.cpp
  Camera.cpp
C:\Users\annac\Documents\Local School\CPSC\585\CPSC-585-Game-Project\Bread\src\Camera.cpp(46,20): warning C4305: '-=': truncation from 'double' to 'float'
C:\Users\annac\Documents\Local School\CPSC\585\CPSC-585-Game-Project\Bread\src\Camera.cpp(49,20): warning C4305: '+=': truncation from 'double' to 'float'
  Entity.cpp
  Input.cpp
  main.cpp
C:\Users\annac\Documents\Local School\CPSC\585\CPSC-585-Game-Project\Bread\src\Shader.h(16,66): warning C4244: 'argument': conversion from 'unsigned int' to 'GLfloat', possible loss of data
C:\Users\annac\Documents\Local School\CPSC\585\CPSC-585-Game-Project\Bread\src\main.cpp(102,16): warning C4244: 'initializing': conversion from 'double' to 'float', possible loss of data
C:\Users\annac\Documents\Local School\CPSC\585\CPSC-585-Game-Project\Bread\src\main.cpp(117,24): warning C4244: '=': conversion from 'double' to 'float', possible loss of data
C:\Users\annac\Documents\Local School\CPSC\585\CPSC-585-Game-Project\Bread\src\main.cpp(129,14): warning C4244: 'initializing': conversion from 'double' to 'float', possible loss of data
C:\Users\annac\Documents\Local School\CPSC\585\CPSC-585-Game-Project\Bread\src\main.cpp(130,14): warning C4244: 'initializing': conversion from 'double' to 'float', possible loss of data
  Mesh.cpp
C:\Users\annac\Documents\Local School\CPSC\585\CPSC-585-Game-Project\Bread\src\Shader.h(16,66): warning C4244: 'argument': conversion from 'unsigned int' to 'GLfloat', possible loss of data
C:\Users\annac\Documents\Local School\CPSC\585\CPSC-585-Game-Project\Bread\src\Mesh.cpp(91,65): warning C4267: 'argument': conversion from 'size_t' to 'GLsizei', possible loss of data
  Model.cpp
C:\Users\annac\Documents\Local School\CPSC\585\CPSC-585-Game-Project\Bread\src\Shader.h(16,66): warning C4244: 'argument': conversion from 'unsigned int' to 'GLfloat', possible loss of data
  PhysicsSystem.cpp
  Shader.cpp
C:\Users\annac\Documents\Local School\CPSC\585\CPSC-585-Game-Project\Bread\src\Shader.h(16,66): warning C4244: 'argument': conversion from 'unsigned int' to 'GLfloat', possible loss of data
C:\Users\annac\Documents\Local School\CPSC\585\CPSC-585-Game-Project\Bread\src\Shader.cpp(36,33): warning C4101: 'e': unreferenced local variable
  ElementBuffer.cpp
  VertexArray.cpp
  VertexBuffer.cpp
  Generating Code...
  Compiling...
  Window.cpp
  Generating Code...
  glad.c
LINK : warning LNK4098: defaultlib 'LIBCMT' conflicts with use of other libs; use /NODEFAULTLIB:library
PhysXExtensions_static_64.lib(ExtCpuWorkerThread.obj) : warning LNK4099: PDB '' was not found with 'PhysXExtensions_static_64.lib(ExtCpuWorkerThread.obj)' or at ''; linking object as if no debug info
PhysXExtensions_static_64.lib(ExtDefaultCpuDispatcher.obj) : warning LNK4099: PDB 'PhysXExtensions_static_64.pdb' was not found with 'PhysXExtensions_static_64.lib(ExtDefaultCpuDispatcher.obj)' or at 'C:\Users\annac\Documents\Local School\CPSC\585\CPSC-585-Game-Project\bin\Debug-x64\Bread\PhysXExtensions_static_64.pdb'; linking object as if no debug info
PhysXExtensions_static_64.lib(ExtDefaultErrorCallback.obj) : warning LNK4099: PDB 'PhysXExtensions_static_64.pdb' was not found with 'PhysXExtensions_static_64.lib(ExtDefaultErrorCallback.obj)' or at 'C:\Users\annac\Documents\Local School\CPSC\585\CPSC-585-Game-Project\bin\Debug-x64\Bread\PhysXExtensions_static_64.pdb'; linking object as if no debug info
PhysXExtensions_static_64.lib(ExtDefaultSimulationFilterShader.obj) : warning LNK4099: PDB 'PhysXExtensions_static_64.pdb' was not found with 'PhysXExtensions_static_64.lib(ExtDefaultSimulationFilterShader.obj)' or at 'C:\Users\annac\Documents\Local School\CPSC\585\CPSC-585-Game-Project\bin\Debug-x64\Bread\PhysXExtensions_static_64.pdb'; linking object as if no debug info
PhysXExtensions_static_64.lib(ExtRigidBodyExt.obj) : warning LNK4099: PDB 'PhysXExtensions_static_64.pdb' was not found with 'PhysXExtensions_static_64.lib(ExtRigidBodyExt.obj)' or at 'C:\Users\annac\Documents\Local School\CPSC\585\CPSC-585-Game-Project\bin\Debug-x64\Bread\PhysXExtensions_static_64.pdb'; linking object as if no debug info
PhysXExtensions_static_64.lib(ExtSimpleFactory.obj) : warning LNK4099: PDB 'PhysXExtensions_static_64.pdb' was not found with 'PhysXExtensions_static_64.lib(ExtSimpleFactory.obj)' or at 'C:\Users\annac\Documents\Local School\CPSC\585\CPSC-585-Game-Project\bin\Debug-x64\Bread\PhysXExtensions_static_64.pdb'; linking object as if no debug info
PhysXPvdSDK_static_64.lib(PxProfileEventImpl.obj) : warning LNK4099: PDB 'PhysXPvdSDK_static_64.pdb' was not found with 'PhysXPvdSDK_static_64.lib(PxProfileEventImpl.obj)' or at 'C:\Users\annac\Documents\Local School\CPSC\585\CPSC-585-Game-Project\bin\Debug-x64\Bread\PhysXPvdSDK_static_64.pdb'; linking object as if no debug info
PhysXPvdSDK_static_64.lib(PxPvd.obj) : warning LNK4099: PDB 'PhysXPvdSDK_static_64.pdb' was not found with 'PhysXPvdSDK_static_64.lib(PxPvd.obj)' or at 'C:\Users\annac\Documents\Local School\CPSC\585\CPSC-585-Game-Project\bin\Debug-x64\Bread\PhysXPvdSDK_static_64.pdb'; linking object as if no debug info
PhysXPvdSDK_static_64.lib(PxPvdDataStream.obj) : warning LNK4099: PDB 'PhysXPvdSDK_static_64.pdb' was not found with 'PhysXPvdSDK_static_64.lib(PxPvdDataStream.obj)' or at 'C:\Users\annac\Documents\Local School\CPSC\585\CPSC-585-Game-Project\bin\Debug-x64\Bread\PhysXPvdSDK_static_64.pdb'; linking object as if no debug info
PhysXPvdSDK_static_64.lib(PxPvdDefaultSocketTransport.obj) : warning LNK4099: PDB 'PhysXPvdSDK_static_64.pdb' was not found with 'PhysXPvdSDK_static_64.lib(PxPvdDefaultSocketTransport.obj)' or at 'C:\Users\annac\Documents\Local School\CPSC\585\CPSC-585-Game-Project\bin\Debug-x64\Bread\PhysXPvdSDK_static_64.pdb'; linking object as if no debug info
PhysXPvdSDK_static_64.lib(PxPvdImpl.obj) : warning LNK4099: PDB 'PhysXPvdSDK_static_64.pdb' was not found with 'PhysXPvdSDK_static_64.lib(PxPvdImpl.obj)' or at 'C:\Users\annac\Documents\Local School\CPSC\585\CPSC-585-Game-Project\bin\Debug-x64\Bread\PhysXPvdSDK_static_64.pdb'; linking object as if no debug info
PhysXPvdSDK_static_64.lib(PxPvdMemClient.obj) : warning LNK4099: PDB 'PhysXPvdSDK_static_64.pdb' was not found with 'PhysXPvdSDK_static_64.lib(PxPvdMemClient.obj)' or at 'C:\Users\annac\Documents\Local School\CPSC\585\CPSC-585-Game-Project\bin\Debug-x64\Bread\PhysXPvdSDK_static_64.pdb'; linking object as if no debug info
PhysXPvdSDK_static_64.lib(PxPvdObjectModelMetaData.obj) : warning LNK4099: PDB 'PhysXPvdSDK_static_64.pdb' was not found with 'PhysXPvdSDK_static_64.lib(PxPvdObjectModelMetaData.obj)' or at 'C:\Users\annac\Documents\Local School\CPSC\585\CPSC-585-Game-Project\bin\Debug-x64\Bread\PhysXPvdSDK_static_64.pdb'; linking object as if no debug info
PhysXPvdSDK_static_64.lib(PxPvdObjectRegistrar.obj) : warning LNK4099: PDB 'PhysXPvdSDK_static_64.pdb' was not found with 'PhysXPvdSDK_static_64.lib(PxPvdObjectRegistrar.obj)' or at 'C:\Users\annac\Documents\Local School\CPSC\585\CPSC-585-Game-Project\bin\Debug-x64\Bread\PhysXPvdSDK_static_64.pdb'; linking object as if no debug info
PhysXPvdSDK_static_64.lib(PxPvdProfileZoneClient.obj) : warning LNK4099: PDB 'PhysXPvdSDK_static_64.pdb' was not found with 'PhysXPvdSDK_static_64.lib(PxPvdProfileZoneClient.obj)' or at 'C:\Users\annac\Documents\Local School\CPSC\585\CPSC-585-Game-Project\bin\Debug-x64\Bread\PhysXPvdSDK_static_64.pdb'; linking object as if no debug info
  Bread.vcxproj -> C:\Users\annac\Documents\Local School\CPSC\585\CPSC-585-Game-Project\bin\Debug-x64\Bread\Bready Set Go!!!.exe
